Unity Editor version:    2021.1.22f1 (a137e5fb0427)
Branch:                  2021.1/staging
Build type:              Release
Batch mode:              YES
macOS version:           Version 10.13.6 (Build 17G14042)
Darwin version:          17.7.0
Architecture:            x86_64
Running under Rosetta:   NO
Available memory:        8192 MB
Using pre-set license
Pro License: NO
Pro License: NO

COMMAND LINE ARGUMENTS:
/Applications/Unity/Hub/Editor/2021.1.22f1/Unity.app/Contents/MacOS/Unity
-adb2
-batchMode
-noUpm
-name
AssetImportWorker1
-projectPath
/Users/gld/Desktop/MGD_MSD63A/MSD63A_TICTACTOE_MP/MSD63A_TicTacToeMp/MSD63A_TicTacToeMp
-logFile
Logs/AssetImportWorker1.log
-srvPort
49377
Successfully changed project path to: /Users/gld/Desktop/MGD_MSD63A/MSD63A_TICTACTOE_MP/MSD63A_TicTacToeMp/MSD63A_TicTacToeMp
/Users/gld/Desktop/MGD_MSD63A/MSD63A_TICTACTOE_MP/MSD63A_TicTacToeMp/MSD63A_TicTacToeMp
Using Asset Import Pipeline V2.
Refreshing native plugins compatible for Editor in 779.91 ms, found 3 plugins.
Preloading 0 native plugins for Editor in 0.00 ms.
Initialize engine version: 2021.1.22f1 (a137e5fb0427)
[Subsystems] Discovering subsystems at path /Applications/Unity/Hub/Editor/2021.1.22f1/Unity.app/Contents/Resources/UnitySubsystems
[Subsystems] Discovering subsystems at path /Users/gld/Desktop/MGD_MSD63A/MSD63A_TICTACTOE_MP/MSD63A_TicTacToeMp/MSD63A_TicTacToeMp/Assets
GfxDevice: creating device client; threaded=0; jobified=0
2021-10-12 14:15:23.527 Unity[1460:14828] InFocus 3138D preferred device: AMD Radeon R9 M395X (high power)
2021-10-12 14:15:23.527 Unity[1460:14828] Metal devices available: 1
2021-10-12 14:15:23.527 Unity[1460:14828] 0: AMD Radeon R9 M395X (high power)
2021-10-12 14:15:23.528 Unity[1460:14828] Using device AMD Radeon R9 M395X (high power)
Initializing Metal device caps: AMD Radeon R9 M395X
Initialize mono
Mono path[0] = '/Applications/Unity/Hub/Editor/2021.1.22f1/Unity.app/Contents/Managed'
Mono path[1] = '/Applications/Unity/Hub/Editor/2021.1.22f1/Unity.app/Contents/MonoBleedingEdge/lib/mono/unityjit'
Mono config path = '/Applications/Unity/Hub/Editor/2021.1.22f1/Unity.app/Contents/MonoBleedingEdge/etc'
Using monoOptions --debugger-agent=transport=dt_socket,embedding=1,server=y,suspend=n,address=127.0.0.1:56460
Begin MonoManager ReloadAssembly
Registering precompiled unity dll's ...
Register platform support module: /Applications/Unity/Hub/Editor/2021.1.22f1/Unity.app/Contents/PlaybackEngines/MacStandaloneSupport/UnityEditor.OSXStandalone.Extensions.dll
Registered in 0.000469 seconds.
Native extension for OSXStandalone target not found
Refreshing native plugins compatible for Editor in 460.92 ms, found 3 plugins.
Preloading 0 native plugins for Editor in 0.00 ms.
Mono: successfully reloaded assembly
- Completed reload, in 14.988 seconds
Domain Reload Profiling:
	ReloadAssembly (14988ms)
		BeginReloadAssembly (325ms)
			ExecutionOrderSort (0ms)
			DisableScriptedObjects (0ms)
			BackupInstance (0ms)
			ReleaseScriptingObjects (0ms)
			CreateAndSetChildDomain (1ms)
		EndReloadAssembly (2722ms)
			LoadAssemblies (325ms)
			RebuildTransferFunctionScriptingTraits (0ms)
			SetupTypeCache (1114ms)
			ReleaseScriptCaches (0ms)
			RebuildScriptCaches (214ms)
			SetupLoadedEditorAssemblies (1200ms)
				LogAssemblyErrors (0ms)
				InitializePlatformSupportModulesInManaged (49ms)
				SetLoadedEditorAssemblies (1ms)
				RefreshPlugins (461ms)
				BeforeProcessingInitializeOnLoad (2ms)
				ProcessInitializeOnLoadAttributes (537ms)
				ProcessInitializeOnLoadMethodAttributes (151ms)
				AfterProcessingInitializeOnLoad (0ms)
				EditorAssembliesLoaded (0ms)
			ExecutionOrderSort2 (0ms)
			AwakeInstancesAfterBackupRestoration (0ms)
Platform modules already initialized, skipping
Registering precompiled user dll's ...
Registered in 0.008977 seconds.
Begin MonoManager ReloadAssembly
Symbol file LoadedFromMemory doesn't match image /Users/gld/Desktop/MGD_MSD63A/MSD63A_TICTACTOE_MP/MSD63A_TicTacToeMp/MSD63A_TicTacToeMp/Library/PackageCache/com.unity.visualscripting@1.6.1/Editor/VisualScripting.Core/Dependencies/YamlDotNet/Unity.VisualScripting.YamlDotNet.dll
Symbol file LoadedFromMemory doesn't match image /Users/gld/Desktop/MGD_MSD63A/MSD63A_TICTACTOE_MP/MSD63A_TicTacToeMp/MSD63A_TicTacToeMp/Library/PackageCache/com.unity.visualscripting@1.6.1/Editor/VisualScripting.Core/Dependencies/DotNetZip/Unity.VisualScripting.IonicZip.dll
Native extension for OSXStandalone target not found
Refreshing native plugins compatible for Editor in 591.54 ms, found 3 plugins.
Preloading 0 native plugins for Editor in 0.00 ms.
Mono: successfully reloaded assembly
- Completed reload, in  7.147 seconds
Domain Reload Profiling:
	ReloadAssembly (7148ms)
		BeginReloadAssembly (680ms)
			ExecutionOrderSort (0ms)
			DisableScriptedObjects (84ms)
			BackupInstance (0ms)
			ReleaseScriptingObjects (0ms)
			CreateAndSetChildDomain (42ms)
		EndReloadAssembly (6197ms)
			LoadAssemblies (383ms)
			RebuildTransferFunctionScriptingTraits (0ms)
			SetupTypeCache (2403ms)
			ReleaseScriptCaches (1ms)
			RebuildScriptCaches (477ms)
			SetupLoadedEditorAssemblies (2260ms)
				LogAssemblyErrors (0ms)
				InitializePlatformSupportModulesInManaged (6ms)
				SetLoadedEditorAssemblies (0ms)
				RefreshPlugins (599ms)
				BeforeProcessingInitializeOnLoad (313ms)
				ProcessInitializeOnLoadAttributes (1284ms)
				ProcessInitializeOnLoadMethodAttributes (54ms)
				AfterProcessingInitializeOnLoad (4ms)
				EditorAssembliesLoaded (0ms)
			ExecutionOrderSort2 (0ms)
			AwakeInstancesAfterBackupRestoration (95ms)
Platform modules already initialized, skipping
========================================================================
Worker process is ready to serve import requests
Launching external process: /Applications/Unity/Hub/Editor/2021.1.22f1/Unity.app/Contents/Tools/UnityShaderCompiler
Launched and connected shader compiler UnityShaderCompiler after 0.02 seconds
Refreshing native plugins compatible for Editor in 1.86 ms, found 3 plugins.
Preloading 0 native plugins for Editor in 0.00 ms.
Unloading 3926 Unused Serialized files (Serialized files now loaded: 0)
System memory in use before: 267.4 MB.
System memory in use after: 267.6 MB.

Unloading 36 unused Assets to reduce memory usage. Loaded Objects now: 4372.
Total: 4.974024 ms (FindLiveObjects: 0.559188 ms CreateObjectMapping: 0.262748 ms MarkObjects: 4.075071 ms  DeleteObjects: 0.075694 ms)

AssetImportParameters requested are different than current active one (requested -> active):
  custom:video-decoder-ogg-theora: a1e56fd34408186e4bbccfd4996cb3dc -> 
  custom:container-muxer-webm: aa71ff27fc2769a1b78a27578f13a17b -> 
  custom:container-demuxer-webm: 4f35f7cbe854078d1ac9338744f61a02 -> 
  custom:container-demuxer-ogg: 62fdf1f143b41e24485cea50d1cbac27 -> 
  custom:video-encoder-webm-vp8: eb34c28f22e8b96e1ab97ce403110664 -> 
  custom:framework-osx-AVFoundation: b23960f63f64bdc6ff669e2cdcee2391 -> 
  custom:video-decoder-webm-vp8: 9c59270c3fd7afecdb556c50c9e8de78 -> 
  custom:audio-decoder-ogg-vorbis: bf7c407c2cedff20999df2af8eb42d56 -> 
  custom:audio-encoder-webm-vorbis: bf7c407c2cedff20999df2af8eb42d56 -> 
========================================================================
Received Import Request.
  path: Assets/Scripts/Lobby.cs
  artifactKey: Guid(2fa2ce2208e0749f88766c5348c3dc9a) Importer(815301076,1909f56bfc062723c751e8b465ee728b)
Start importing Assets/Scripts/Lobby.cs using Guid(2fa2ce2208e0749f88766c5348c3dc9a) Importer(815301076,1909f56bfc062723c751e8b465ee728b)  -> (artifact id: 'bcf08094e89b9d1bb6f7bc2a9273beb6') in 0.188562 seconds 
========================================================================
Received Prepare
Registering precompiled user dll's ...
Registered in 0.024833 seconds.
Begin MonoManager ReloadAssembly
Symbol file LoadedFromMemory doesn't match image /Users/gld/Desktop/MGD_MSD63A/MSD63A_TICTACTOE_MP/MSD63A_TicTacToeMp/MSD63A_TicTacToeMp/Library/PackageCache/com.unity.visualscripting@1.6.1/Editor/VisualScripting.Core/Dependencies/YamlDotNet/Unity.VisualScripting.YamlDotNet.dll
Symbol file LoadedFromMemory doesn't match image /Users/gld/Desktop/MGD_MSD63A/MSD63A_TICTACTOE_MP/MSD63A_TicTacToeMp/MSD63A_TicTacToeMp/Library/PackageCache/com.unity.visualscripting@1.6.1/Editor/VisualScripting.Core/Dependencies/DotNetZip/Unity.VisualScripting.IonicZip.dll
Native extension for OSXStandalone target not found
Refreshing native plugins compatible for Editor in 1.10 ms, found 3 plugins.
Preloading 0 native plugins for Editor in 0.00 ms.
Mono: successfully reloaded assembly
- Completed reload, in  6.479 seconds
Domain Reload Profiling:
	ReloadAssembly (6479ms)
		BeginReloadAssembly (510ms)
			ExecutionOrderSort (0ms)
			DisableScriptedObjects (57ms)
			BackupInstance (0ms)
			ReleaseScriptingObjects (0ms)
			CreateAndSetChildDomain (217ms)
		EndReloadAssembly (5650ms)
			LoadAssemblies (486ms)
			RebuildTransferFunctionScriptingTraits (0ms)
			SetupTypeCache (2569ms)
			ReleaseScriptCaches (3ms)
			RebuildScriptCaches (327ms)
			SetupLoadedEditorAssemblies (1632ms)
				LogAssemblyErrors (0ms)
				InitializePlatformSupportModulesInManaged (60ms)
				SetLoadedEditorAssemblies (1ms)
				RefreshPlugins (1ms)
				BeforeProcessingInitializeOnLoad (339ms)
				ProcessInitializeOnLoadAttributes (1165ms)
				ProcessInitializeOnLoadMethodAttributes (64ms)
				AfterProcessingInitializeOnLoad (1ms)
				EditorAssembliesLoaded (0ms)
			ExecutionOrderSort2 (0ms)
			AwakeInstancesAfterBackupRestoration (50ms)
Platform modules already initialized, skipping
Switching build target platform(2) subTarget(0) extendedPlatform(0) -> platform(13) subTarget(537395200) extendedPlatform(0)
Refreshing native plugins compatible for Editor in 1.18 ms, found 3 plugins.
Preloading 0 native plugins for Editor in 0.00 ms.
Unloading 3905 Unused Serialized files (Serialized files now loaded: 0)
System memory in use before: 267.3 MB.
System memory in use after: 267.6 MB.

Unloading 23 unused Assets to reduce memory usage. Loaded Objects now: 4376.
Total: 6.870920 ms (FindLiveObjects: 0.445688 ms CreateObjectMapping: 0.218312 ms MarkObjects: 6.180276 ms  DeleteObjects: 0.025155 ms)

AssetImportParameters requested are different than current active one (requested -> active):
  custom:video-decoder-ogg-theora: a1e56fd34408186e4bbccfd4996cb3dc -> 
  custom:container-muxer-webm: aa71ff27fc2769a1b78a27578f13a17b -> 
  custom:container-demuxer-webm: 4f35f7cbe854078d1ac9338744f61a02 -> 
  custom:container-demuxer-ogg: 62fdf1f143b41e24485cea50d1cbac27 -> 
  custom:video-encoder-webm-vp8: eb34c28f22e8b96e1ab97ce403110664 -> 
  custom:framework-osx-AVFoundation: b23960f63f64bdc6ff669e2cdcee2391 -> 
  custom:video-decoder-webm-vp8: 9c59270c3fd7afecdb556c50c9e8de78 -> 
  custom:graphics/normal-map-encoding: 01000000000000000000000000000000 -> 02000000000000000000000000000000
  custom:audio-decoder-ogg-vorbis: bf7c407c2cedff20999df2af8eb42d56 -> 
  custom:audio-encoder-webm-vorbis: bf7c407c2cedff20999df2af8eb42d56 -> 
========================================================================
Received Prepare
Registering precompiled user dll's ...
Registered in 0.019239 seconds.
Begin MonoManager ReloadAssembly
Symbol file LoadedFromMemory doesn't match image /Users/gld/Desktop/MGD_MSD63A/MSD63A_TICTACTOE_MP/MSD63A_TicTacToeMp/MSD63A_TicTacToeMp/Library/PackageCache/com.unity.visualscripting@1.6.1/Editor/VisualScripting.Core/Dependencies/YamlDotNet/Unity.VisualScripting.YamlDotNet.dll
Symbol file LoadedFromMemory doesn't match image /Users/gld/Desktop/MGD_MSD63A/MSD63A_TICTACTOE_MP/MSD63A_TicTacToeMp/MSD63A_TicTacToeMp/Library/PackageCache/com.unity.visualscripting@1.6.1/Editor/VisualScripting.Core/Dependencies/DotNetZip/Unity.VisualScripting.IonicZip.dll
Native extension for OSXStandalone target not found
Refreshing native plugins compatible for Editor in 2.20 ms, found 3 plugins.
Preloading 0 native plugins for Editor in 0.00 ms.
Mono: successfully reloaded assembly
- Completed reload, in  7.555 seconds
Domain Reload Profiling:
	ReloadAssembly (7556ms)
		BeginReloadAssembly (592ms)
			ExecutionOrderSort (0ms)
			DisableScriptedObjects (13ms)
			BackupInstance (0ms)
			ReleaseScriptingObjects (0ms)
			CreateAndSetChildDomain (293ms)
		EndReloadAssembly (6565ms)
			LoadAssemblies (448ms)
			RebuildTransferFunctionScriptingTraits (0ms)
			SetupTypeCache (2944ms)
			ReleaseScriptCaches (2ms)
			RebuildScriptCaches (356ms)
			SetupLoadedEditorAssemblies (1924ms)
				LogAssemblyErrors (0ms)
				InitializePlatformSupportModulesInManaged (8ms)
				SetLoadedEditorAssemblies (1ms)
				RefreshPlugins (2ms)
				BeforeProcessingInitializeOnLoad (425ms)
				ProcessInitializeOnLoadAttributes (1387ms)
				ProcessInitializeOnLoadMethodAttributes (99ms)
				AfterProcessingInitializeOnLoad (2ms)
				EditorAssembliesLoaded (0ms)
			ExecutionOrderSort2 (0ms)
			AwakeInstancesAfterBackupRestoration (86ms)
Platform modules already initialized, skipping
Switching build target platform(2) subTarget(0) extendedPlatform(0) -> platform(13) subTarget(537395200) extendedPlatform(0)
Refreshing native plugins compatible for Editor in 1.90 ms, found 3 plugins.
Preloading 0 native plugins for Editor in 0.00 ms.
Unloading 3905 Unused Serialized files (Serialized files now loaded: 0)
System memory in use before: 267.6 MB.
System memory in use after: 267.9 MB.

Unloading 23 unused Assets to reduce memory usage. Loaded Objects now: 4380.
Total: 6.220674 ms (FindLiveObjects: 0.624887 ms CreateObjectMapping: 0.557997 ms MarkObjects: 5.002772 ms  DeleteObjects: 0.033721 ms)

AssetImportParameters requested are different than current active one (requested -> active):
  custom:video-decoder-ogg-theora: a1e56fd34408186e4bbccfd4996cb3dc -> 
  custom:container-muxer-webm: aa71ff27fc2769a1b78a27578f13a17b -> 
  custom:container-demuxer-webm: 4f35f7cbe854078d1ac9338744f61a02 -> 
  custom:container-demuxer-ogg: 62fdf1f143b41e24485cea50d1cbac27 -> 
  custom:video-encoder-webm-vp8: eb34c28f22e8b96e1ab97ce403110664 -> 
  custom:framework-osx-AVFoundation: b23960f63f64bdc6ff669e2cdcee2391 -> 
  custom:video-decoder-webm-vp8: 9c59270c3fd7afecdb556c50c9e8de78 -> 
  custom:graphics/normal-map-encoding: 01000000000000000000000000000000 -> 02000000000000000000000000000000
  custom:audio-decoder-ogg-vorbis: bf7c407c2cedff20999df2af8eb42d56 -> 
  custom:audio-encoder-webm-vorbis: bf7c407c2cedff20999df2af8eb42d56 -> 
========================================================================
Received Import Request.
  Time since last request: 1501.573367 seconds.
  path: Assets/Scenes
  artifactKey: Guid(131a6b21c8605f84396be9f6751fb6e3) Importer(815301076,1909f56bfc062723c751e8b465ee728b)
Start importing Assets/Scenes using Guid(131a6b21c8605f84396be9f6751fb6e3) Importer(815301076,1909f56bfc062723c751e8b465ee728b)  -> (artifact id: 'df75b7d1a31c5b4f73fd45661b403b04') in 0.006757 seconds 
========================================================================
Received Import Request.
  Time since last request: 31.364937 seconds.
  path: Assets/Scenes/MainGame.unity
  artifactKey: Guid(884955d6888684284a83badac7b3b2a5) Importer(815301076,1909f56bfc062723c751e8b465ee728b)
Start importing Assets/Scenes/MainGame.unity using Guid(884955d6888684284a83badac7b3b2a5) Importer(815301076,1909f56bfc062723c751e8b465ee728b)  -> (artifact id: 'a00ca1b933fc69d1ae12124747cf708b') in 0.010280 seconds 
========================================================================
Received Prepare
Registering precompiled user dll's ...
Registered in 0.005986 seconds.
Begin MonoManager ReloadAssembly
Symbol file LoadedFromMemory doesn't match image /Users/gld/Desktop/MGD_MSD63A/MSD63A_TICTACTOE_MP/MSD63A_TicTacToeMp/MSD63A_TicTacToeMp/Library/PackageCache/com.unity.visualscripting@1.6.1/Editor/VisualScripting.Core/Dependencies/YamlDotNet/Unity.VisualScripting.YamlDotNet.dll
Symbol file LoadedFromMemory doesn't match image /Users/gld/Desktop/MGD_MSD63A/MSD63A_TICTACTOE_MP/MSD63A_TicTacToeMp/MSD63A_TicTacToeMp/Library/PackageCache/com.unity.visualscripting@1.6.1/Editor/VisualScripting.Core/Dependencies/DotNetZip/Unity.VisualScripting.IonicZip.dll
Native extension for OSXStandalone target not found
Refreshing native plugins compatible for Editor in 1.23 ms, found 3 plugins.
Preloading 0 native plugins for Editor in 0.00 ms.
Mono: successfully reloaded assembly
- Completed reload, in  6.182 seconds
Domain Reload Profiling:
	ReloadAssembly (6194ms)
		BeginReloadAssembly (455ms)
			ExecutionOrderSort (0ms)
			DisableScriptedObjects (15ms)
			BackupInstance (0ms)
			ReleaseScriptingObjects (0ms)
			CreateAndSetChildDomain (228ms)
		EndReloadAssembly (5422ms)
			LoadAssemblies (378ms)
			RebuildTransferFunctionScriptingTraits (0ms)
			SetupTypeCache (2384ms)
			ReleaseScriptCaches (1ms)
			RebuildScriptCaches (273ms)
			SetupLoadedEditorAssemblies (1599ms)
				LogAssemblyErrors (0ms)
				InitializePlatformSupportModulesInManaged (8ms)
				SetLoadedEditorAssemblies (1ms)
				RefreshPlugins (1ms)
				BeforeProcessingInitializeOnLoad (366ms)
				ProcessInitializeOnLoadAttributes (1145ms)
				ProcessInitializeOnLoadMethodAttributes (77ms)
				AfterProcessingInitializeOnLoad (1ms)
				EditorAssembliesLoaded (0ms)
			ExecutionOrderSort2 (0ms)
			AwakeInstancesAfterBackupRestoration (85ms)
Platform modules already initialized, skipping
Switching build target platform(2) subTarget(0) extendedPlatform(0) -> platform(13) subTarget(537395200) extendedPlatform(0)
Refreshing native plugins compatible for Editor in 1.31 ms, found 3 plugins.
Preloading 0 native plugins for Editor in 0.00 ms.
Unloading 3905 Unused Serialized files (Serialized files now loaded: 0)
System memory in use before: 267.9 MB.
System memory in use after: 268.1 MB.

Unloading 23 unused Assets to reduce memory usage. Loaded Objects now: 4384.
Total: 6.366434 ms (FindLiveObjects: 2.014919 ms CreateObjectMapping: 0.350827 ms MarkObjects: 3.973926 ms  DeleteObjects: 0.025697 ms)

AssetImportParameters requested are different than current active one (requested -> active):
  custom:video-decoder-ogg-theora: a1e56fd34408186e4bbccfd4996cb3dc -> 
  custom:container-muxer-webm: aa71ff27fc2769a1b78a27578f13a17b -> 
  custom:container-demuxer-webm: 4f35f7cbe854078d1ac9338744f61a02 -> 
  custom:container-demuxer-ogg: 62fdf1f143b41e24485cea50d1cbac27 -> 
  custom:video-encoder-webm-vp8: eb34c28f22e8b96e1ab97ce403110664 -> 
  custom:framework-osx-AVFoundation: b23960f63f64bdc6ff669e2cdcee2391 -> 
  custom:video-decoder-webm-vp8: 9c59270c3fd7afecdb556c50c9e8de78 -> 
  custom:graphics/normal-map-encoding: 01000000000000000000000000000000 -> 02000000000000000000000000000000
  custom:audio-decoder-ogg-vorbis: bf7c407c2cedff20999df2af8eb42d56 -> 
  custom:audio-encoder-webm-vorbis: bf7c407c2cedff20999df2af8eb42d56 -> 
========================================================================
Received Import Request.
  Time since last request: 351.385431 seconds.
  path: Assets/Scenes/GameLobby.unity
  artifactKey: Guid(2cda990e2423bbf4892e6590ba056729) Importer(815301076,1909f56bfc062723c751e8b465ee728b)
Start importing Assets/Scenes/GameLobby.unity using Guid(2cda990e2423bbf4892e6590ba056729) Importer(815301076,1909f56bfc062723c751e8b465ee728b)  -> (artifact id: '6fba730d5fb3bfb7c010000ac987cfa0') in 0.017562 seconds 
========================================================================
Received Prepare
Registering precompiled user dll's ...
Registered in 0.028562 seconds.
Begin MonoManager ReloadAssembly
Symbol file LoadedFromMemory doesn't match image /Users/gld/Desktop/MGD_MSD63A/MSD63A_TICTACTOE_MP/MSD63A_TicTacToeMp/MSD63A_TicTacToeMp/Library/PackageCache/com.unity.visualscripting@1.6.1/Editor/VisualScripting.Core/Dependencies/YamlDotNet/Unity.VisualScripting.YamlDotNet.dll
Symbol file LoadedFromMemory doesn't match image /Users/gld/Desktop/MGD_MSD63A/MSD63A_TICTACTOE_MP/MSD63A_TicTacToeMp/MSD63A_TicTacToeMp/Library/PackageCache/com.unity.visualscripting@1.6.1/Editor/VisualScripting.Core/Dependencies/DotNetZip/Unity.VisualScripting.IonicZip.dll
Native extension for OSXStandalone target not found
Refreshing native plugins compatible for Editor in 1.26 ms, found 3 plugins.
Preloading 0 native plugins for Editor in 0.00 ms.
Mono: successfully reloaded assembly
- Completed reload, in  7.282 seconds
Domain Reload Profiling:
	ReloadAssembly (7282ms)
		BeginReloadAssembly (437ms)
			ExecutionOrderSort (0ms)
			DisableScriptedObjects (44ms)
			BackupInstance (0ms)
			ReleaseScriptingObjects (0ms)
			CreateAndSetChildDomain (210ms)
		EndReloadAssembly (6376ms)
			LoadAssemblies (385ms)
			RebuildTransferFunctionScriptingTraits (0ms)
			SetupTypeCache (2865ms)
			ReleaseScriptCaches (1ms)
			RebuildScriptCaches (324ms)
			SetupLoadedEditorAssemblies (1890ms)
				LogAssemblyErrors (0ms)
				InitializePlatformSupportModulesInManaged (49ms)
				SetLoadedEditorAssemblies (1ms)
				RefreshPlugins (1ms)
				BeforeProcessingInitializeOnLoad (357ms)
				ProcessInitializeOnLoadAttributes (1444ms)
				ProcessInitializeOnLoadMethodAttributes (35ms)
				AfterProcessingInitializeOnLoad (3ms)
				EditorAssembliesLoaded (0ms)
			ExecutionOrderSort2 (0ms)
			AwakeInstancesAfterBackupRestoration (49ms)
Platform modules already initialized, skipping
Switching build target platform(2) subTarget(0) extendedPlatform(0) -> platform(13) subTarget(537395200) extendedPlatform(0)
Refreshing native plugins compatible for Editor in 1.16 ms, found 3 plugins.
Preloading 0 native plugins for Editor in 0.00 ms.
Unloading 3905 Unused Serialized files (Serialized files now loaded: 0)
System memory in use before: 268.1 MB.
System memory in use after: 268.4 MB.

Unloading 23 unused Assets to reduce memory usage. Loaded Objects now: 4388.
Total: 8.610322 ms (FindLiveObjects: 1.971323 ms CreateObjectMapping: 0.387298 ms MarkObjects: 6.208045 ms  DeleteObjects: 0.042301 ms)

AssetImportParameters requested are different than current active one (requested -> active):
  custom:video-decoder-ogg-theora: a1e56fd34408186e4bbccfd4996cb3dc -> 
  custom:container-muxer-webm: aa71ff27fc2769a1b78a27578f13a17b -> 
  custom:container-demuxer-webm: 4f35f7cbe854078d1ac9338744f61a02 -> 
  custom:container-demuxer-ogg: 62fdf1f143b41e24485cea50d1cbac27 -> 
  custom:video-encoder-webm-vp8: eb34c28f22e8b96e1ab97ce403110664 -> 
  custom:framework-osx-AVFoundation: b23960f63f64bdc6ff669e2cdcee2391 -> 
  custom:video-decoder-webm-vp8: 9c59270c3fd7afecdb556c50c9e8de78 -> 
  custom:graphics/normal-map-encoding: 01000000000000000000000000000000 -> 02000000000000000000000000000000
  custom:audio-decoder-ogg-vorbis: bf7c407c2cedff20999df2af8eb42d56 -> 
  custom:audio-encoder-webm-vorbis: bf7c407c2cedff20999df2af8eb42d56 -> 
========================================================================
Received Prepare
Registering precompiled user dll's ...
Registered in 0.032902 seconds.
Begin MonoManager ReloadAssembly
Symbol file LoadedFromMemory doesn't match image /Users/gld/Desktop/MGD_MSD63A/MSD63A_TICTACTOE_MP/MSD63A_TicTacToeMp/MSD63A_TicTacToeMp/Library/PackageCache/com.unity.visualscripting@1.6.1/Editor/VisualScripting.Core/Dependencies/YamlDotNet/Unity.VisualScripting.YamlDotNet.dll
Symbol file LoadedFromMemory doesn't match image /Users/gld/Desktop/MGD_MSD63A/MSD63A_TICTACTOE_MP/MSD63A_TicTacToeMp/MSD63A_TicTacToeMp/Library/PackageCache/com.unity.visualscripting@1.6.1/Editor/VisualScripting.Core/Dependencies/DotNetZip/Unity.VisualScripting.IonicZip.dll
Native extension for OSXStandalone target not found
Refreshing native plugins compatible for Editor in 1.61 ms, found 3 plugins.
Preloading 0 native plugins for Editor in 0.00 ms.
Mono: successfully reloaded assembly
- Completed reload, in  7.713 seconds
Domain Reload Profiling:
	ReloadAssembly (7714ms)
		BeginReloadAssembly (527ms)
			ExecutionOrderSort (0ms)
			DisableScriptedObjects (33ms)
			BackupInstance (0ms)
			ReleaseScriptingObjects (0ms)
			CreateAndSetChildDomain (219ms)
		EndReloadAssembly (6813ms)
			LoadAssemblies (547ms)
			RebuildTransferFunctionScriptingTraits (0ms)
			SetupTypeCache (2989ms)
			ReleaseScriptCaches (2ms)
			RebuildScriptCaches (353ms)
			SetupLoadedEditorAssemblies (2145ms)
				LogAssemblyErrors (0ms)
				InitializePlatformSupportModulesInManaged (7ms)
				SetLoadedEditorAssemblies (1ms)
				RefreshPlugins (2ms)
				BeforeProcessingInitializeOnLoad (412ms)
				ProcessInitializeOnLoadAttributes (1625ms)
				ProcessInitializeOnLoadMethodAttributes (97ms)
				AfterProcessingInitializeOnLoad (2ms)
				EditorAssembliesLoaded (0ms)
			ExecutionOrderSort2 (0ms)
			AwakeInstancesAfterBackupRestoration (119ms)
Platform modules already initialized, skipping
Switching build target platform(2) subTarget(0) extendedPlatform(0) -> platform(13) subTarget(537395200) extendedPlatform(0)
Refreshing native plugins compatible for Editor in 1.14 ms, found 3 plugins.
Preloading 0 native plugins for Editor in 0.00 ms.
Unloading 3905 Unused Serialized files (Serialized files now loaded: 0)
System memory in use before: 268.3 MB.
System memory in use after: 268.6 MB.

Unloading 23 unused Assets to reduce memory usage. Loaded Objects now: 4392.
Total: 5.454769 ms (FindLiveObjects: 0.445756 ms CreateObjectMapping: 0.233131 ms MarkObjects: 4.750877 ms  DeleteObjects: 0.023682 ms)

AssetImportParameters requested are different than current active one (requested -> active):
  custom:video-decoder-ogg-theora: a1e56fd34408186e4bbccfd4996cb3dc -> 
  custom:container-muxer-webm: aa71ff27fc2769a1b78a27578f13a17b -> 
  custom:container-demuxer-webm: 4f35f7cbe854078d1ac9338744f61a02 -> 
  custom:container-demuxer-ogg: 62fdf1f143b41e24485cea50d1cbac27 -> 
  custom:video-encoder-webm-vp8: eb34c28f22e8b96e1ab97ce403110664 -> 
  custom:framework-osx-AVFoundation: b23960f63f64bdc6ff669e2cdcee2391 -> 
  custom:video-decoder-webm-vp8: 9c59270c3fd7afecdb556c50c9e8de78 -> 
  custom:graphics/normal-map-encoding: 01000000000000000000000000000000 -> 02000000000000000000000000000000
  custom:audio-decoder-ogg-vorbis: bf7c407c2cedff20999df2af8eb42d56 -> 
  custom:audio-encoder-webm-vorbis: bf7c407c2cedff20999df2af8eb42d56 -> 
========================================================================
Received Prepare
Registering precompiled user dll's ...
Registered in 0.048383 seconds.
Begin MonoManager ReloadAssembly
Symbol file LoadedFromMemory doesn't match image /Users/gld/Desktop/MGD_MSD63A/MSD63A_TICTACTOE_MP/MSD63A_TicTacToeMp/MSD63A_TicTacToeMp/Library/PackageCache/com.unity.visualscripting@1.6.1/Editor/VisualScripting.Core/Dependencies/YamlDotNet/Unity.VisualScripting.YamlDotNet.dll
Symbol file LoadedFromMemory doesn't match image /Users/gld/Desktop/MGD_MSD63A/MSD63A_TICTACTOE_MP/MSD63A_TicTacToeMp/MSD63A_TicTacToeMp/Library/PackageCache/com.unity.visualscripting@1.6.1/Editor/VisualScripting.Core/Dependencies/DotNetZip/Unity.VisualScripting.IonicZip.dll
Native extension for OSXStandalone target not found
Refreshing native plugins compatible for Editor in 1.11 ms, found 3 plugins.
Preloading 0 native plugins for Editor in 0.00 ms.
Mono: successfully reloaded assembly
- Completed reload, in  6.877 seconds
Domain Reload Profiling:
	ReloadAssembly (6877ms)
		BeginReloadAssembly (367ms)
			ExecutionOrderSort (0ms)
			DisableScriptedObjects (104ms)
			BackupInstance (0ms)
			ReleaseScriptingObjects (0ms)
			CreateAndSetChildDomain (141ms)
		EndReloadAssembly (6049ms)
			LoadAssemblies (281ms)
			RebuildTransferFunctionScriptingTraits (0ms)
			SetupTypeCache (2691ms)
			ReleaseScriptCaches (1ms)
			RebuildScriptCaches (308ms)
			SetupLoadedEditorAssemblies (1935ms)
				LogAssemblyErrors (0ms)
				InitializePlatformSupportModulesInManaged (6ms)
				SetLoadedEditorAssemblies (0ms)
				RefreshPlugins (1ms)
				BeforeProcessingInitializeOnLoad (372ms)
				ProcessInitializeOnLoadAttributes (1458ms)
				ProcessInitializeOnLoadMethodAttributes (96ms)
				AfterProcessingInitializeOnLoad (2ms)
				EditorAssembliesLoaded (0ms)
			ExecutionOrderSort2 (0ms)
			AwakeInstancesAfterBackupRestoration (29ms)
Platform modules already initialized, skipping
Switching build target platform(2) subTarget(0) extendedPlatform(0) -> platform(13) subTarget(537395200) extendedPlatform(0)
Refreshing native plugins compatible for Editor in 1.97 ms, found 3 plugins.
Preloading 0 native plugins for Editor in 0.00 ms.
Unloading 3905 Unused Serialized files (Serialized files now loaded: 0)
System memory in use before: 268.6 MB.
System memory in use after: 268.8 MB.

Unloading 23 unused Assets to reduce memory usage. Loaded Objects now: 4396.
Total: 62.622217 ms (FindLiveObjects: 56.842615 ms CreateObjectMapping: 0.646194 ms MarkObjects: 5.104347 ms  DeleteObjects: 0.027721 ms)

AssetImportParameters requested are different than current active one (requested -> active):
  custom:video-decoder-ogg-theora: a1e56fd34408186e4bbccfd4996cb3dc -> 
  custom:container-muxer-webm: aa71ff27fc2769a1b78a27578f13a17b -> 
  custom:container-demuxer-webm: 4f35f7cbe854078d1ac9338744f61a02 -> 
  custom:container-demuxer-ogg: 62fdf1f143b41e24485cea50d1cbac27 -> 
  custom:video-encoder-webm-vp8: eb34c28f22e8b96e1ab97ce403110664 -> 
  custom:framework-osx-AVFoundation: b23960f63f64bdc6ff669e2cdcee2391 -> 
  custom:video-decoder-webm-vp8: 9c59270c3fd7afecdb556c50c9e8de78 -> 
  custom:graphics/normal-map-encoding: 01000000000000000000000000000000 -> 02000000000000000000000000000000
  custom:audio-decoder-ogg-vorbis: bf7c407c2cedff20999df2af8eb42d56 -> 
  custom:audio-encoder-webm-vorbis: bf7c407c2cedff20999df2af8eb42d56 -> 
========================================================================
Received Prepare
Registering precompiled user dll's ...
Registered in 0.075402 seconds.
Begin MonoManager ReloadAssembly
Symbol file LoadedFromMemory doesn't match image /Users/gld/Desktop/MGD_MSD63A/MSD63A_TICTACTOE_MP/MSD63A_TicTacToeMp/MSD63A_TicTacToeMp/Library/PackageCache/com.unity.visualscripting@1.6.1/Editor/VisualScripting.Core/Dependencies/YamlDotNet/Unity.VisualScripting.YamlDotNet.dll
Symbol file LoadedFromMemory doesn't match image /Users/gld/Desktop/MGD_MSD63A/MSD63A_TICTACTOE_MP/MSD63A_TicTacToeMp/MSD63A_TicTacToeMp/Library/PackageCache/com.unity.visualscripting@1.6.1/Editor/VisualScripting.Core/Dependencies/DotNetZip/Unity.VisualScripting.IonicZip.dll
Native extension for OSXStandalone target not found
Refreshing native plugins compatible for Editor in 1.54 ms, found 3 plugins.
Preloading 0 native plugins for Editor in 0.00 ms.
Mono: successfully reloaded assembly
- Completed reload, in  6.984 seconds
Domain Reload Profiling:
	ReloadAssembly (6984ms)
		BeginReloadAssembly (376ms)
			ExecutionOrderSort (0ms)
			DisableScriptedObjects (8ms)
			BackupInstance (0ms)
			ReleaseScriptingObjects (0ms)
			CreateAndSetChildDomain (116ms)
		EndReloadAssembly (6263ms)
			LoadAssemblies (472ms)
			RebuildTransferFunctionScriptingTraits (0ms)
			SetupTypeCache (2637ms)
			ReleaseScriptCaches (1ms)
			RebuildScriptCaches (414ms)
			SetupLoadedEditorAssemblies (1945ms)
				LogAssemblyErrors (0ms)
				InitializePlatformSupportModulesInManaged (10ms)
				SetLoadedEditorAssemblies (1ms)
				RefreshPlugins (2ms)
				BeforeProcessingInitializeOnLoad (405ms)
				ProcessInitializeOnLoadAttributes (1482ms)
				ProcessInitializeOnLoadMethodAttributes (45ms)
				AfterProcessingInitializeOnLoad (2ms)
				EditorAssembliesLoaded (0ms)
			ExecutionOrderSort2 (0ms)
			AwakeInstancesAfterBackupRestoration (108ms)
Platform modules already initialized, skipping
Switching build target platform(2) subTarget(0) extendedPlatform(0) -> platform(13) subTarget(537395200) extendedPlatform(0)
Refreshing native plugins compatible for Editor in 1.28 ms, found 3 plugins.
Preloading 0 native plugins for Editor in 0.00 ms.
Unloading 3905 Unused Serialized files (Serialized files now loaded: 0)
System memory in use before: 268.8 MB.
System memory in use after: 269.0 MB.

Unloading 23 unused Assets to reduce memory usage. Loaded Objects now: 4400.
Total: 12.618533 ms (FindLiveObjects: 0.495123 ms CreateObjectMapping: 0.405318 ms MarkObjects: 11.687912 ms  DeleteObjects: 0.028816 ms)

AssetImportParameters requested are different than current active one (requested -> active):
  custom:video-decoder-ogg-theora: a1e56fd34408186e4bbccfd4996cb3dc -> 
  custom:container-muxer-webm: aa71ff27fc2769a1b78a27578f13a17b -> 
  custom:container-demuxer-webm: 4f35f7cbe854078d1ac9338744f61a02 -> 
  custom:container-demuxer-ogg: 62fdf1f143b41e24485cea50d1cbac27 -> 
  custom:video-encoder-webm-vp8: eb34c28f22e8b96e1ab97ce403110664 -> 
  custom:framework-osx-AVFoundation: b23960f63f64bdc6ff669e2cdcee2391 -> 
  custom:video-decoder-webm-vp8: 9c59270c3fd7afecdb556c50c9e8de78 -> 
  custom:graphics/normal-map-encoding: 01000000000000000000000000000000 -> 02000000000000000000000000000000
  custom:audio-decoder-ogg-vorbis: bf7c407c2cedff20999df2af8eb42d56 -> 
  custom:audio-encoder-webm-vorbis: bf7c407c2cedff20999df2af8eb42d56 -> 
========================================================================
Received Prepare
Registering precompiled user dll's ...
Registered in 0.060763 seconds.
Begin MonoManager ReloadAssembly
Symbol file LoadedFromMemory doesn't match image /Users/gld/Desktop/MGD_MSD63A/MSD63A_TICTACTOE_MP/MSD63A_TicTacToeMp/MSD63A_TicTacToeMp/Library/PackageCache/com.unity.visualscripting@1.6.1/Editor/VisualScripting.Core/Dependencies/YamlDotNet/Unity.VisualScripting.YamlDotNet.dll
Symbol file LoadedFromMemory doesn't match image /Users/gld/Desktop/MGD_MSD63A/MSD63A_TICTACTOE_MP/MSD63A_TicTacToeMp/MSD63A_TicTacToeMp/Library/PackageCache/com.unity.visualscripting@1.6.1/Editor/VisualScripting.Core/Dependencies/DotNetZip/Unity.VisualScripting.IonicZip.dll
Native extension for OSXStandalone target not found
Refreshing native plugins compatible for Editor in 3.13 ms, found 3 plugins.
Preloading 0 native plugins for Editor in 0.00 ms.
Mono: successfully reloaded assembly
- Completed reload, in  7.086 seconds
Domain Reload Profiling:
	ReloadAssembly (7086ms)
		BeginReloadAssembly (374ms)
			ExecutionOrderSort (0ms)
			DisableScriptedObjects (21ms)
			BackupInstance (0ms)
			ReleaseScriptingObjects (0ms)
			CreateAndSetChildDomain (145ms)
		EndReloadAssembly (6296ms)
			LoadAssemblies (475ms)
			RebuildTransferFunctionScriptingTraits (0ms)
			SetupTypeCache (2728ms)
			ReleaseScriptCaches (4ms)
			RebuildScriptCaches (508ms)
			SetupLoadedEditorAssemblies (1794ms)
				LogAssemblyErrors (0ms)
				InitializePlatformSupportModulesInManaged (14ms)
				SetLoadedEditorAssemblies (1ms)
				RefreshPlugins (3ms)
				BeforeProcessingInitializeOnLoad (402ms)
				ProcessInitializeOnLoadAttributes (1331ms)
				ProcessInitializeOnLoadMethodAttributes (38ms)
				AfterProcessingInitializeOnLoad (4ms)
				EditorAssembliesLoaded (0ms)
			ExecutionOrderSort2 (0ms)
			AwakeInstancesAfterBackupRestoration (52ms)
Platform modules already initialized, skipping
Switching build target platform(2) subTarget(0) extendedPlatform(0) -> platform(13) subTarget(537395200) extendedPlatform(0)
Refreshing native plugins compatible for Editor in 1.41 ms, found 3 plugins.
Preloading 0 native plugins for Editor in 0.00 ms.
Unloading 3905 Unused Serialized files (Serialized files now loaded: 0)
System memory in use before: 269.0 MB.
System memory in use after: 269.2 MB.

Unloading 23 unused Assets to reduce memory usage. Loaded Objects now: 4404.
Total: 6.408432 ms (FindLiveObjects: 0.752746 ms CreateObjectMapping: 0.335152 ms MarkObjects: 5.289003 ms  DeleteObjects: 0.029904 ms)

AssetImportParameters requested are different than current active one (requested -> active):
  custom:video-decoder-ogg-theora: a1e56fd34408186e4bbccfd4996cb3dc -> 
  custom:container-muxer-webm: aa71ff27fc2769a1b78a27578f13a17b -> 
  custom:container-demuxer-webm: 4f35f7cbe854078d1ac9338744f61a02 -> 
  custom:container-demuxer-ogg: 62fdf1f143b41e24485cea50d1cbac27 -> 
  custom:video-encoder-webm-vp8: eb34c28f22e8b96e1ab97ce403110664 -> 
  custom:framework-osx-AVFoundation: b23960f63f64bdc6ff669e2cdcee2391 -> 
  custom:video-decoder-webm-vp8: 9c59270c3fd7afecdb556c50c9e8de78 -> 
  custom:graphics/normal-map-encoding: 01000000000000000000000000000000 -> 02000000000000000000000000000000
  custom:audio-decoder-ogg-vorbis: bf7c407c2cedff20999df2af8eb42d56 -> 
  custom:audio-encoder-webm-vorbis: bf7c407c2cedff20999df2af8eb42d56 -> 
========================================================================
Received Import Request.
  Time since last request: 2351.638058 seconds.
  path: Assets/images/ai.png
  artifactKey: Guid(c4b4c995aa081ee4bb089b13129080ab) Importer(815301076,1909f56bfc062723c751e8b465ee728b)
Start importing Assets/images/ai.png using Guid(c4b4c995aa081ee4bb089b13129080ab) Importer(815301076,1909f56bfc062723c751e8b465ee728b)  -> (artifact id: '8d293d286baf3cff5cdbeee108b68ea5') in 0.679241 seconds 
========================================================================
Received Import Request.
  Time since last request: 0.000255 seconds.
  path: Assets/Photon/PhotonUnityNetworking/Demos/DemoHub/Sprites/toHub.png
  artifactKey: Guid(9587663c4d27e47b19a118aabaac4a08) Importer(815301076,1909f56bfc062723c751e8b465ee728b)
Start importing Assets/Photon/PhotonUnityNetworking/Demos/DemoHub/Sprites/toHub.png using Guid(9587663c4d27e47b19a118aabaac4a08) Importer(815301076,1909f56bfc062723c751e8b465ee728b)  -> (artifact id: '5a6db56f5e2bc74404887e77480e94df') in 0.011594 seconds 
========================================================================
Received Import Request.
  Time since last request: 0.000198 seconds.
  path: Assets/images/Background.png
  artifactKey: Guid(a2cad4a4d4addec42a2843d3a045be24) Importer(815301076,1909f56bfc062723c751e8b465ee728b)
Start importing Assets/images/Background.png using Guid(a2cad4a4d4addec42a2843d3a045be24) Importer(815301076,1909f56bfc062723c751e8b465ee728b)  -> (artifact id: '550fcdf23bae12afacf1c549e1d5680e') in 0.127898 seconds 
========================================================================
Received Import Request.
  Time since last request: 0.000262 seconds.
  path: Assets/images/user.png
  artifactKey: Guid(cf026e8dc3b3f7f4bb698303f3f30163) Importer(815301076,1909f56bfc062723c751e8b465ee728b)
Start importing Assets/images/user.png using Guid(cf026e8dc3b3f7f4bb698303f3f30163) Importer(815301076,1909f56bfc062723c751e8b465ee728b)  -> (artifact id: '2874e7a2526e6347e28f678cda98af30') in 0.057570 seconds 
========================================================================
Received Import Request.
  Time since last request: 0.000427 seconds.
  path: Assets/Photon/PhotonUnityNetworking/Icons/PunIconApp512.png
  artifactKey: Guid(7377013011b4c3348809ff574abe799e) Importer(815301076,1909f56bfc062723c751e8b465ee728b)
Start importing Assets/Photon/PhotonUnityNetworking/Icons/PunIconApp512.png using Guid(7377013011b4c3348809ff574abe799e) Importer(815301076,1909f56bfc062723c751e8b465ee728b)  -> (artifact id: '21ced4968ab1151dbff5fad15e2199e8') in 0.032148 seconds 
========================================================================
Received Import Request.
  Time since last request: 0.000205 seconds.
  path: Assets/Photon/PhotonUnityNetworking/Icons/PunIconApp128.png
  artifactKey: Guid(f00feafcf0675cd47a48f83ae42b06d4) Importer(815301076,1909f56bfc062723c751e8b465ee728b)
Start importing Assets/Photon/PhotonUnityNetworking/Icons/PunIconApp128.png using Guid(f00feafcf0675cd47a48f83ae42b06d4) Importer(815301076,1909f56bfc062723c751e8b465ee728b)  -> (artifact id: '53cf0a7fac4455a5b0ec4ac586e9c63c') in 0.082939 seconds 
========================================================================
Received Import Request.
  Time since last request: 0.007960 seconds.
  path: Assets/Photon/PhotonUnityNetworking/Icons/PunIconApp32.png
  artifactKey: Guid(436c5e63723127948af8857e903f658a) Importer(815301076,1909f56bfc062723c751e8b465ee728b)
Start importing Assets/Photon/PhotonUnityNetworking/Icons/PunIconApp32.png using Guid(436c5e63723127948af8857e903f658a) Importer(815301076,1909f56bfc062723c751e8b465ee728b)  -> (artifact id: '42fa493309ddbfc250ca6178c7eb327a') in 0.047795 seconds 
========================================================================
Received Import Request.
  Time since last request: 0.000282 seconds.
  path: Assets/Photon/PhotonUnityNetworking/Icons/PunIconApp48.png
  artifactKey: Guid(44ebd8e6f42cae445ab4b22f0a9b48a0) Importer(815301076,1909f56bfc062723c751e8b465ee728b)
Start importing Assets/Photon/PhotonUnityNetworking/Icons/PunIconApp48.png using Guid(44ebd8e6f42cae445ab4b22f0a9b48a0) Importer(815301076,1909f56bfc062723c751e8b465ee728b)  -> (artifact id: '50ed406479e3d1d2ad191c21ce3a27b4') in 0.085112 seconds 
========================================================================
Received Import Request.
  Time since last request: 0.000157 seconds.
  path: Assets/images/reload.png
  artifactKey: Guid(3a2baf032e04a954cbb5aea092557511) Importer(815301076,1909f56bfc062723c751e8b465ee728b)
Start importing Assets/images/reload.png using Guid(3a2baf032e04a954cbb5aea092557511) Importer(815301076,1909f56bfc062723c751e8b465ee728b)  -> (artifact id: '5df63ecb2414f6576f1f9d8368f7f31b') in 0.120948 seconds 
========================================================================
Received Import Request.
  Time since last request: 0.000223 seconds.
  path: Assets/Photon/PhotonUnityNetworking/Demos/DemoHub/Sprites/PunIcon-White-129.png
  artifactKey: Guid(56bbc6b42271d4177ac313247f47ac1f) Importer(815301076,1909f56bfc062723c751e8b465ee728b)
Start importing Assets/Photon/PhotonUnityNetworking/Demos/DemoHub/Sprites/PunIcon-White-129.png using Guid(56bbc6b42271d4177ac313247f47ac1f) Importer(815301076,1909f56bfc062723c751e8b465ee728b)  -> (artifact id: '0a36d2e9d300027b171eb6262f81b4f1') in 0.024595 seconds 
========================================================================
Received Import Request.
  Time since last request: 0.000175 seconds.
  path: Assets/Photon/PhotonUnityNetworking/Demos/DemoHub/Sprites/OutlinedSquaredBox.png
  artifactKey: Guid(c222cd02c447941edb09ecb6433229ce) Importer(815301076,1909f56bfc062723c751e8b465ee728b)
Start importing Assets/Photon/PhotonUnityNetworking/Demos/DemoHub/Sprites/OutlinedSquaredBox.png using Guid(c222cd02c447941edb09ecb6433229ce) Importer(815301076,1909f56bfc062723c751e8b465ee728b)  -> (artifact id: '607c9dfea9ea765510e4cc87907474c6') in 0.011935 seconds 
========================================================================
Received Import Request.
  Time since last request: 0.000181 seconds.
  path: Assets/Photon/PhotonUnityNetworking/Demos/Shared Assets/Skin/DropDown CheckMark.png
  artifactKey: Guid(fd47c8b4ebfbd4339858d4d23f587519) Importer(815301076,1909f56bfc062723c751e8b465ee728b)
Start importing Assets/Photon/PhotonUnityNetworking/Demos/Shared Assets/Skin/DropDown CheckMark.png using Guid(fd47c8b4ebfbd4339858d4d23f587519) Importer(815301076,1909f56bfc062723c751e8b465ee728b)  -> (artifact id: '9db7299eeba96e40e5ae2362ab4a626a') in 0.013968 seconds 
========================================================================
Received Import Request.
  Time since last request: 0.000271 seconds.
  path: Assets/images/FruitBackground.png
  artifactKey: Guid(c5101cc78b4450e4ba5f0ad5dd38d5fd) Importer(815301076,1909f56bfc062723c751e8b465ee728b)
Start importing Assets/images/FruitBackground.png using Guid(c5101cc78b4450e4ba5f0ad5dd38d5fd) Importer(815301076,1909f56bfc062723c751e8b465ee728b)  -> (artifact id: '94341fbea337b82c1dfa7cf776828fe8') in 0.013804 seconds 
========================================================================
Received Import Request.
  Time since last request: 0.000208 seconds.
  path: Assets/images/FruitApple.png
  artifactKey: Guid(709e1c484f9abc64eb3b9416684f8821) Importer(815301076,1909f56bfc062723c751e8b465ee728b)
Start importing Assets/images/FruitApple.png using Guid(709e1c484f9abc64eb3b9416684f8821) Importer(815301076,1909f56bfc062723c751e8b465ee728b)  -> (artifact id: '41fee94fbf96038062869a5668da0214') in 0.192201 seconds 
========================================================================
Received Import Request.
  Time since last request: 0.000248 seconds.
  path: Assets/Photon/PhotonUnityNetworking/Icons/PunIcon-128.png
  artifactKey: Guid(bd293dc32f4aaf94e8274f2fac2cdf89) Importer(815301076,1909f56bfc062723c751e8b465ee728b)
Start importing Assets/Photon/PhotonUnityNetworking/Icons/PunIcon-128.png using Guid(bd293dc32f4aaf94e8274f2fac2cdf89) Importer(815301076,1909f56bfc062723c751e8b465ee728b)  -> (artifact id: 'd405e33b925ea12246cbf50bd059ce65') in 0.164273 seconds 
========================================================================
Received Import Request.
  Time since last request: 0.000203 seconds.
  path: Assets/images/FruitStrawberry.png
  artifactKey: Guid(dc325811f9f1cae49a83a254d58f8e3a) Importer(815301076,1909f56bfc062723c751e8b465ee728b)
Start importing Assets/images/FruitStrawberry.png using Guid(dc325811f9f1cae49a83a254d58f8e3a) Importer(815301076,1909f56bfc062723c751e8b465ee728b)  -> (artifact id: 'c256e6dc04894c92c354391e56cb4d04') in 0.012371 seconds 
========================================================================
Received Import Request.
  Time since last request: 0.000259 seconds.
  path: Assets/Photon/PhotonUnityNetworking/Demos/DemoHub/Sprites/Gradient.png
  artifactKey: Guid(66efb24ed46044ab8a039599cbc47d7b) Importer(815301076,1909f56bfc062723c751e8b465ee728b)
Start importing Assets/Photon/PhotonUnityNetworking/Demos/DemoHub/Sprites/Gradient.png using Guid(66efb24ed46044ab8a039599cbc47d7b) Importer(815301076,1909f56bfc062723c751e8b465ee728b)  -> (artifact id: '3c0c103981d4c9608114343d7a91d0f9') in 0.024609 seconds 
========================================================================
Received Import Request.
  Time since last request: 0.000201 seconds.
  path: Assets/Photon/PhotonUnityNetworking/Demos/Shared Assets/Skin/DropDown Arrow.png
  artifactKey: Guid(936345f7fc3934efa8119a8700d904c7) Importer(815301076,1909f56bfc062723c751e8b465ee728b)
Start importing Assets/Photon/PhotonUnityNetworking/Demos/Shared Assets/Skin/DropDown Arrow.png using Guid(936345f7fc3934efa8119a8700d904c7) Importer(815301076,1909f56bfc062723c751e8b465ee728b)  -> (artifact id: '3844d709d8af58c058aec664cd520378') in 0.029673 seconds 
